<?xml version="1.0" encoding="UTF-8"?>
<!-- Generated by org.testng.reporters.JUnitReportReporter -->
<testsuite hostname="LAPTOP-8SI5P0FC" failures="0" tests="1" name="testcase.LoginPage" time="7.051" errors="0" timestamp="25 Apr 2024 06:24:25 GMT" skipped="0">
  <testcase classname="testcase.LoginPage" name="demo" time="7.051"/>
</testsuite> <!-- testcase.LoginPage -->
