<?xml version="1.0" encoding="UTF-8"?>
<!-- Generated by org.testng.reporters.JUnitReportReporter -->
<testsuite hostname="LAPTOP-8SI5P0FC" failures="0" tests="1" name="com.Actitime.testscript.CustomerModule" time="5.292" errors="0" timestamp="2024-04-24T19:54:00 IST" skipped="0">
  <testcase classname="com.Actitime.testscript.CustomerModule" name="testCreateCustomer" time="5.292"/>
  <system-out>
    <![CDATA[CreateCustomer]]>
  </system-out>
</testsuite> <!-- com.Actitime.testscript.CustomerModule -->
